app/build/intermediates/manifest_merge_blame_file/debug/manifest-merger-blame-debug-report.txt
1<?xml version="1.0" encoding="utf-8"?>
2<manifest xmlns:android="http://schemas.android.com/apk/res/android"
3    package="com.example.do_an_cs3"
4    android:versionCode="1"
5    android:versionName="1.0" >
6
7    <uses-sdk
8        android:minSdkVersion="27"
9        android:targetSdkVersion="34" />
10
11    <uses-permission android:name="android.permission.READ_EXTERNAL_STORAGE" />
11-->src\main\AndroidManifest.xml:5:5-80
11-->src\main\AndroidManifest.xml:5:22-77
12    <uses-permission android:name="android.permission.WRITE_EXTERNAL_STORAGE" />
12-->src\main\AndroidManifest.xml:6:5-81
12-->src\main\AndroidManifest.xml:6:22-78
13    <uses-permission android:name="android.permission.MANAGE_EXTERNAL_STORAGE" />
13-->src\main\AndroidManifest.xml:7:5-82
13-->src\main\AndroidManifest.xml:7:22-79
14
15    <permission
15-->[androidx.core:core:1.9.0] AndroidManifest.xml:22:5-24:47
16        android:name="com.example.do_an_cs3.DYNAMIC_RECEIVER_NOT_EXPORTED_PERMISSION"
16-->[androidx.core:core:1.9.0] AndroidManifest.xml:23:9-81
17        android:protectionLevel="signature" />
17-->[androidx.core:core:1.9.0] AndroidManifest.xml:24:9-44
18
19    <uses-permission android:name="com.example.do_an_cs3.DYNAMIC_RECEIVER_NOT_EXPORTED_PERMISSION" />
19-->[androidx.core:core:1.9.0] AndroidManifest.xml:26:5-97
19-->[androidx.core:core:1.9.0] AndroidManifest.xml:26:22-94
20
21    <application
21-->src\main\AndroidManifest.xml:9:5-110:19
22        android:name="androidx.multidex.MultiDexApplication"
22-->src\main\AndroidManifest.xml:11:9-61
23        android:allowBackup="true"
23-->src\main\AndroidManifest.xml:12:9-35
24        android:appComponentFactory="androidx.core.app.CoreComponentFactory"
24-->[androidx.core:core:1.9.0] AndroidManifest.xml:28:18-86
25        android:dataExtractionRules="@xml/data_extraction_rules"
25-->src\main\AndroidManifest.xml:13:9-65
26        android:debuggable="true"
27        android:extractNativeLibs="false"
28        android:fullBackupContent="@xml/backup_rules"
28-->src\main\AndroidManifest.xml:14:9-54
29        android:icon="@mipmap/logo"
29-->src\main\AndroidManifest.xml:15:9-36
30        android:label="@string/app_name"
30-->src\main\AndroidManifest.xml:16:9-41
31        android:roundIcon="@mipmap/logo"
31-->src\main\AndroidManifest.xml:17:9-41
32        android:supportsRtl="true"
32-->src\main\AndroidManifest.xml:18:9-35
33        android:testOnly="true"
34        android:theme="@style/Theme.DO_AN_CS3" >
34-->src\main\AndroidManifest.xml:19:9-47
35        <activity
35-->src\main\AndroidManifest.xml:21:9-23:40
36            android:name="com.example.do_an_cs3.View.Users.AddProfileActivity"
36-->src\main\AndroidManifest.xml:22:13-58
37            android:exported="false" />
37-->src\main\AndroidManifest.xml:23:13-37
38        <activity
38-->src\main\AndroidManifest.xml:24:9-26:40
39            android:name="com.example.do_an_cs3.View.Projects.DetailProjectActivity"
39-->src\main\AndroidManifest.xml:25:13-64
40            android:exported="false" />
40-->src\main\AndroidManifest.xml:26:13-37
41        <activity
41-->src\main\AndroidManifest.xml:27:9-29:40
42            android:name="com.example.do_an_cs3.View.Users.ChooseRoleActivity"
42-->src\main\AndroidManifest.xml:28:13-58
43            android:exported="false" />
43-->src\main\AndroidManifest.xml:29:13-37
44        <activity
44-->src\main\AndroidManifest.xml:30:9-41:20
45            android:name="com.example.do_an_cs3.View.splash"
45-->src\main\AndroidManifest.xml:31:13-40
46            android:exported="true" >
46-->src\main\AndroidManifest.xml:32:13-36
47            <intent-filter>
47-->src\main\AndroidManifest.xml:33:13-37:29
48                <action android:name="android.intent.action.MAIN" />
48-->src\main\AndroidManifest.xml:34:17-69
48-->src\main\AndroidManifest.xml:34:25-66
49
50                <category android:name="android.intent.category.LAUNCHER" />
50-->src\main\AndroidManifest.xml:36:17-77
50-->src\main\AndroidManifest.xml:36:27-74
51            </intent-filter>
52
53            <meta-data
53-->src\main\AndroidManifest.xml:38:13-40:36
54                android:name="android.app.Activity"
54-->src\main\AndroidManifest.xml:39:17-52
55                android:value="" />
55-->src\main\AndroidManifest.xml:40:17-33
56        </activity>
57        <activity
57-->src\main\AndroidManifest.xml:42:9-48:20
58            android:name="com.example.do_an_cs3.View.MainActivity"
58-->src\main\AndroidManifest.xml:43:13-46
59            android:exported="false" >
59-->src\main\AndroidManifest.xml:44:13-37
60            <meta-data
60-->src\main\AndroidManifest.xml:38:13-40:36
61                android:name="android.app.Activity"
61-->src\main\AndroidManifest.xml:39:17-52
62                android:value="" />
62-->src\main\AndroidManifest.xml:40:17-33
63        </activity>
64        <activity
64-->src\main\AndroidManifest.xml:49:9-53:54
65            android:name="com.example.do_an_cs3.View.Project.ProjectActivity"
65-->src\main\AndroidManifest.xml:50:13-57
66            android:exported="false"
66-->src\main\AndroidManifest.xml:51:13-37
67            android:label="@string/title_activity_job"
67-->src\main\AndroidManifest.xml:52:13-55
68            android:theme="@style/Theme.DO_AN_CS3" />
68-->src\main\AndroidManifest.xml:53:13-51
69        <activity
69-->src\main\AndroidManifest.xml:54:9-58:54
70            android:name="com.example.do_an_cs3.View.Project.AddProjectActivity"
70-->src\main\AndroidManifest.xml:55:13-60
71            android:exported="false"
71-->src\main\AndroidManifest.xml:56:13-37
72            android:label="@string/Addjob"
72-->src\main\AndroidManifest.xml:57:13-43
73            android:theme="@style/Theme.DO_AN_CS3" />
73-->src\main\AndroidManifest.xml:58:13-51
74        <activity
74-->src\main\AndroidManifest.xml:59:9-63:54
75            android:name="com.example.do_an_cs3.View.Users.PersonnalActivity"
75-->src\main\AndroidManifest.xml:60:13-57
76            android:exported="false"
76-->src\main\AndroidManifest.xml:61:13-37
77            android:label="@string/personnal"
77-->src\main\AndroidManifest.xml:62:13-46
78            android:theme="@style/Theme.DO_AN_CS3" />
78-->src\main\AndroidManifest.xml:63:13-51
79        <activity
79-->src\main\AndroidManifest.xml:64:9-68:54
80            android:name="com.example.do_an_cs3.View.SettingActivity"
80-->src\main\AndroidManifest.xml:65:13-49
81            android:exported="false"
81-->src\main\AndroidManifest.xml:66:13-37
82            android:label="@string/setting"
82-->src\main\AndroidManifest.xml:67:13-44
83            android:theme="@style/Theme.DO_AN_CS3" />
83-->src\main\AndroidManifest.xml:68:13-51
84        <activity
84-->src\main\AndroidManifest.xml:69:9-73:54
85            android:name="com.example.do_an_cs3.View.WarningActivity"
85-->src\main\AndroidManifest.xml:70:13-49
86            android:exported="false"
86-->src\main\AndroidManifest.xml:71:13-37
87            android:label="@string/warning"
87-->src\main\AndroidManifest.xml:72:13-44
88            android:theme="@style/Theme.DO_AN_CS3" />
88-->src\main\AndroidManifest.xml:73:13-51
89        <activity
89-->src\main\AndroidManifest.xml:74:9-78:54
90            android:name="com.example.do_an_cs3.View.Users.EditAccountActivity"
90-->src\main\AndroidManifest.xml:75:13-59
91            android:exported="false"
91-->src\main\AndroidManifest.xml:76:13-37
92            android:label="@string/editAccount"
92-->src\main\AndroidManifest.xml:77:13-48
93            android:theme="@style/Theme.DO_AN_CS3" />
93-->src\main\AndroidManifest.xml:78:13-51
94        <activity
94-->src\main\AndroidManifest.xml:79:9-83:54
95            android:name="com.example.do_an_cs3.View.Users.ChangePassActivity"
95-->src\main\AndroidManifest.xml:80:13-58
96            android:exported="false"
96-->src\main\AndroidManifest.xml:81:13-37
97            android:label="@string/changepass"
97-->src\main\AndroidManifest.xml:82:13-47
98            android:theme="@style/Theme.DO_AN_CS3" />
98-->src\main\AndroidManifest.xml:83:13-51
99        <activity
99-->src\main\AndroidManifest.xml:84:9-88:54
100            android:name="com.example.do_an_cs3.View.ReportActivity"
100-->src\main\AndroidManifest.xml:85:13-48
101            android:exported="false"
101-->src\main\AndroidManifest.xml:86:13-37
102            android:label="@string/report"
102-->src\main\AndroidManifest.xml:87:13-43
103            android:theme="@style/Theme.DO_AN_CS3" />
103-->src\main\AndroidManifest.xml:88:13-51
104        <activity
104-->src\main\AndroidManifest.xml:89:9-93:54
105            android:name="com.example.do_an_cs3.View.Users.AddPersonnalActivity"
105-->src\main\AndroidManifest.xml:90:13-60
106            android:exported="false"
106-->src\main\AndroidManifest.xml:91:13-37
107            android:label="AddPersonnalActivity"
107-->src\main\AndroidManifest.xml:92:13-49
108            android:theme="@style/Theme.DO_AN_CS3" />
108-->src\main\AndroidManifest.xml:93:13-51
109        <activity
109-->src\main\AndroidManifest.xml:94:9-98:54
110            android:name="com.example.do_an_cs3.View.Departments.AddDeparmentsActivity"
110-->src\main\AndroidManifest.xml:95:13-67
111            android:exported="false"
111-->src\main\AndroidManifest.xml:96:13-37
112            android:label="AddDeparmentsActivity"
112-->src\main\AndroidManifest.xml:97:13-50
113            android:theme="@style/Theme.DO_AN_CS3" />
113-->src\main\AndroidManifest.xml:98:13-51
114        <activity
114-->src\main\AndroidManifest.xml:99:9-103:54
115            android:name="com.example.do_an_cs3.View.Users.LoginActivity"
115-->src\main\AndroidManifest.xml:100:13-53
116            android:exported="false"
116-->src\main\AndroidManifest.xml:101:13-37
117            android:label="LoginActivity"
117-->src\main\AndroidManifest.xml:102:13-42
118            android:theme="@style/Theme.DO_AN_CS3" />
118-->src\main\AndroidManifest.xml:103:13-51
119        <activity
119-->src\main\AndroidManifest.xml:104:9-108:54
120            android:name="com.example.do_an_cs3.View.Users.RegisterActivity"
120-->src\main\AndroidManifest.xml:105:13-56
121            android:exported="false"
121-->src\main\AndroidManifest.xml:106:13-37
122            android:label="@string/personnal"
122-->src\main\AndroidManifest.xml:107:13-46
123            android:theme="@style/Theme.DO_AN_CS3" />
123-->src\main\AndroidManifest.xml:108:13-51
124
125        <provider
125-->[androidx.emoji2:emoji2:1.2.0] AndroidManifest.xml:24:9-32:20
126            android:name="androidx.startup.InitializationProvider"
126-->[androidx.emoji2:emoji2:1.2.0] AndroidManifest.xml:25:13-67
127            android:authorities="com.example.do_an_cs3.androidx-startup"
127-->[androidx.emoji2:emoji2:1.2.0] AndroidManifest.xml:26:13-68
128            android:exported="false" >
128-->[androidx.emoji2:emoji2:1.2.0] AndroidManifest.xml:27:13-37
129            <meta-data
129-->[androidx.emoji2:emoji2:1.2.0] AndroidManifest.xml:29:13-31:52
130                android:name="androidx.emoji2.text.EmojiCompatInitializer"
130-->[androidx.emoji2:emoji2:1.2.0] AndroidManifest.xml:30:17-75
131                android:value="androidx.startup" />
131-->[androidx.emoji2:emoji2:1.2.0] AndroidManifest.xml:31:17-49
132            <meta-data
132-->[androidx.lifecycle:lifecycle-process:2.6.2] AndroidManifest.xml:29:13-31:52
133                android:name="androidx.lifecycle.ProcessLifecycleInitializer"
133-->[androidx.lifecycle:lifecycle-process:2.6.2] AndroidManifest.xml:30:17-78
134                android:value="androidx.startup" />
134-->[androidx.lifecycle:lifecycle-process:2.6.2] AndroidManifest.xml:31:17-49
135            <meta-data
135-->[androidx.profileinstaller:profileinstaller:1.3.0] AndroidManifest.xml:29:13-31:52
136                android:name="androidx.profileinstaller.ProfileInstallerInitializer"
136-->[androidx.profileinstaller:profileinstaller:1.3.0] AndroidManifest.xml:30:17-85
137                android:value="androidx.startup" />
137-->[androidx.profileinstaller:profileinstaller:1.3.0] AndroidManifest.xml:31:17-49
138        </provider>
139
140        <uses-library
140-->[androidx.window:window:1.0.0] AndroidManifest.xml:25:9-27:40
141            android:name="androidx.window.extensions"
141-->[androidx.window:window:1.0.0] AndroidManifest.xml:26:13-54
142            android:required="false" />
142-->[androidx.window:window:1.0.0] AndroidManifest.xml:27:13-37
143        <uses-library
143-->[androidx.window:window:1.0.0] AndroidManifest.xml:28:9-30:40
144            android:name="androidx.window.sidecar"
144-->[androidx.window:window:1.0.0] AndroidManifest.xml:29:13-51
145            android:required="false" />
145-->[androidx.window:window:1.0.0] AndroidManifest.xml:30:13-37
146
147        <receiver
147-->[androidx.profileinstaller:profileinstaller:1.3.0] AndroidManifest.xml:34:9-52:20
148            android:name="androidx.profileinstaller.ProfileInstallReceiver"
148-->[androidx.profileinstaller:profileinstaller:1.3.0] AndroidManifest.xml:35:13-76
149            android:directBootAware="false"
149-->[androidx.profileinstaller:profileinstaller:1.3.0] AndroidManifest.xml:36:13-44
150            android:enabled="true"
150-->[androidx.profileinstaller:profileinstaller:1.3.0] AndroidManifest.xml:37:13-35
151            android:exported="true"
151-->[androidx.profileinstaller:profileinstaller:1.3.0] AndroidManifest.xml:38:13-36
152            android:permission="android.permission.DUMP" >
152-->[androidx.profileinstaller:profileinstaller:1.3.0] AndroidManifest.xml:39:13-57
153            <intent-filter>
153-->[androidx.profileinstaller:profileinstaller:1.3.0] AndroidManifest.xml:40:13-42:29
154                <action android:name="androidx.profileinstaller.action.INSTALL_PROFILE" />
154-->[androidx.profileinstaller:profileinstaller:1.3.0] AndroidManifest.xml:41:17-91
154-->[androidx.profileinstaller:profileinstaller:1.3.0] AndroidManifest.xml:41:25-88
155            </intent-filter>
156            <intent-filter>
156-->[androidx.profileinstaller:profileinstaller:1.3.0] AndroidManifest.xml:43:13-45:29
157                <action android:name="androidx.profileinstaller.action.SKIP_FILE" />
157-->[androidx.profileinstaller:profileinstaller:1.3.0] AndroidManifest.xml:44:17-85
157-->[androidx.profileinstaller:profileinstaller:1.3.0] AndroidManifest.xml:44:25-82
158            </intent-filter>
159            <intent-filter>
159-->[androidx.profileinstaller:profileinstaller:1.3.0] AndroidManifest.xml:46:13-48:29
160                <action android:name="androidx.profileinstaller.action.SAVE_PROFILE" />
160-->[androidx.profileinstaller:profileinstaller:1.3.0] AndroidManifest.xml:47:17-88
160-->[androidx.profileinstaller:profileinstaller:1.3.0] AndroidManifest.xml:47:25-85
161            </intent-filter>
162            <intent-filter>
162-->[androidx.profileinstaller:profileinstaller:1.3.0] AndroidManifest.xml:49:13-51:29
163                <action android:name="androidx.profileinstaller.action.BENCHMARK_OPERATION" />
163-->[androidx.profileinstaller:profileinstaller:1.3.0] AndroidManifest.xml:50:17-95
163-->[androidx.profileinstaller:profileinstaller:1.3.0] AndroidManifest.xml:50:25-92
164            </intent-filter>
165        </receiver>
166    </application>
167
168</manifest>